TN:
SF:D:\App\RNBabySleep\app\components\Icons.js
FN:13,_interopRequireDefault
FN:13,_extends
FN:13,(anonymous_2)
FN:15,MaterialCommunityIcons
FN:18,SimpleLineIcons
FN:19,MaterialIcons
FN:20,FontAwesome
FN:21,Foundation
FN:22,EvilIcons
FN:23,AntDesign
FN:24,Ionicons
FN:25,Octicons
FN:26,Feather
FN:27,Entypo
FN:28,Zocial
FNF:15
FNH:0
FNDA:0,_interopRequireDefault
FNDA:0,_extends
FNDA:0,(anonymous_2)
FNDA:0,MaterialCommunityIcons
FNDA:0,SimpleLineIcons
FNDA:0,MaterialIcons
FNDA:0,FontAwesome
FNDA:0,Foundation
FNDA:0,EvilIcons
FNDA:0,AntDesign
FNDA:0,Ionicons
FNDA:0,Octicons
FNDA:0,Feather
FNDA:0,Entypo
FNDA:0,Zocial
DA:1,0
DA:2,0
DA:3,0
DA:4,0
DA:5,0
DA:6,0
DA:7,0
DA:8,0
DA:9,0
DA:10,0
DA:11,0
DA:12,0
DA:13,0
DA:15,0
DA:16,0
DA:18,0
DA:19,0
DA:20,0
DA:21,0
DA:22,0
DA:23,0
DA:24,0
DA:25,0
DA:26,0
DA:27,0
DA:28,0
DA:30,0
DA:43,0
LF:28
LH:0
BRDA:13,0,0,0
BRDA:13,0,1,0
BRDA:13,1,0,0
BRDA:13,1,1,0
BRDA:13,2,0,0
BRDA:13,2,1,0
BRDA:13,3,0,0
BRDA:13,3,1,0
BRF:8
BRH:0
end_of_record
TN:
SF:D:\App\RNBabySleep\app\components\inputText\inputText.js
FN:4,_interopRequireDefault
FN:6,OwnTextInput
FNF:2
FNH:0
FNDA:0,_interopRequireDefault
FNDA:0,OwnTextInput
DA:1,0
DA:2,0
DA:3,0
DA:4,0
DA:6,0
DA:15,0
DA:16,0
DA:44,0
LF:8
LH:0
BRDA:4,0,0,0
BRDA:4,0,1,0
BRDA:4,1,0,0
BRDA:4,1,1,0
BRDA:19,2,0,0
BRDA:19,2,1,0
BRF:6
BRH:0
end_of_record
TN:
SF:D:\App\RNBabySleep\app\components\inputText\style.js
FNF:0
FNH:0
DA:1,0
DA:2,0
DA:4,0
DA:71,0
LF:4
LH:0
BRF:0
BRH:0
end_of_record
TN:
SF:D:\App\RNBabySleep\app\components\itemDetails\index.js
FN:3,_interopRequireDefault
FN:5,ItemDetails
FNF:2
FNH:0
FNDA:0,_interopRequireDefault
FNDA:0,ItemDetails
DA:1,0
DA:2,0
DA:3,0
DA:5,0
DA:6,0
DA:20,0
LF:6
LH:0
BRDA:3,0,0,0
BRDA:3,0,1,0
BRDA:3,1,0,0
BRDA:3,1,1,0
BRF:4
BRH:0
end_of_record
TN:
SF:D:\App\RNBabySleep\app\components\itemDetails\style.js
FNF:0
FNH:0
DA:1,0
DA:2,0
DA:4,0
DA:36,0
LF:4
LH:0
BRF:0
BRH:0
end_of_record
TN:
SF:D:\App\RNBabySleep\app\components\textElements\styles.js
FNF:0
FNH:0
DA:1,0
DA:2,0
DA:4,0
DA:31,0
LF:4
LH:0
BRF:0
BRH:0
end_of_record
TN:
SF:D:\App\RNBabySleep\app\components\textElements\textElement.js
FN:3,_interopRequireDefault
FN:5,TextElements
FNF:2
FNH:0
FNDA:0,_interopRequireDefault
FNDA:0,TextElements
DA:1,0
DA:2,0
DA:3,0
DA:5,0
DA:6,0
DA:9,0
LF:6
LH:0
BRDA:3,0,0,0
BRDA:3,0,1,0
BRDA:3,1,0,0
BRDA:3,1,1,0
BRF:4
BRH:0
end_of_record
TN:
SF:D:\App\RNBabySleep\app\constants\colorConstans.js
FNF:0
FNH:0
DA:1,0
DA:15,0
LF:2
LH:0
BRF:0
BRH:0
end_of_record
TN:
SF:D:\App\RNBabySleep\app\constants\settingListArray.js
FN:25,onClick
FNF:1
FNH:0
FNDA:0,onClick
DA:1,0
DA:3,0
DA:9,0
DA:12,0
DA:39,0
DA:43,0
DA:50,0
DA:54,0
DA:57,0
DA:61,0
DA:76,0
LF:11
LH:0
BRF:0
BRH:0
end_of_record
TN:
SF:D:\App\RNBabySleep\app\constants\stringConstants.js
FNF:0
FNH:0
DA:1,0
DA:55,0
LF:2
LH:0
BRF:0
BRH:0
end_of_record
TN:
SF:D:\App\RNBabySleep\app\navigation\navigation.js
FN:16,_interopRequireDefault
FN:16,_objectDestructuringEmpty
FN:23,navigationOptions
FN:25,headerRight
FN:28,onPress
FN:42,navigationOptions
FN:54,navigationOptions
FN:56,headerRight
FN:60,onPress
FN:75,navigationOptions
FNF:10
FNH:0
FNDA:0,_interopRequireDefault
FNDA:0,_objectDestructuringEmpty
FNDA:0,navigationOptions
FNDA:0,headerRight
FNDA:0,onPress
FNDA:0,navigationOptions
FNDA:0,navigationOptions
FNDA:0,headerRight
FNDA:0,onPress
FNDA:0,navigationOptions
DA:1,0
DA:2,0
DA:5,0
DA:8,0
DA:9,0
DA:11,0
DA:12,0
DA:13,0
DA:14,0
DA:15,0
DA:16,0
DA:19,0
DA:23,0
DA:25,0
DA:28,0
DA:42,0
DA:54,0
DA:56,0
DA:60,0
DA:75,0
DA:87,0
LF:21
LH:0
BRDA:16,0,0,0
BRDA:16,0,1,0
BRDA:16,1,0,0
BRDA:16,1,1,0
BRDA:16,2,0,0
BRDA:16,2,1,0
BRDA:57,3,0,0
BRDA:57,3,1,0
BRF:8
BRH:0
end_of_record
TN:
SF:D:\App\RNBabySleep\app\navigation\stackNavigator.js
FN:3,_interopRequireDefault
FNF:1
FNH:0
FNDA:0,_interopRequireDefault
DA:1,0
DA:2,0
DA:3,0
DA:5,0
DA:7,0
LF:5
LH:0
BRDA:3,0,0,0
BRDA:3,0,1,0
BRDA:3,1,0,0
BRDA:3,1,1,0
BRF:4
BRH:0
end_of_record
TN:
SF:D:\App\RNBabySleep\app\navigation\swichNavigator.js
FN:4,_interopRequireDefault
FNF:1
FNH:0
FNDA:0,_interopRequireDefault
DA:1,0
DA:2,0
DA:3,0
DA:4,0
DA:6,0
DA:14,0
LF:6
LH:0
BRDA:4,0,0,0
BRDA:4,0,1,0
BRDA:4,1,0,0
BRDA:4,1,1,0
BRF:4
BRH:0
end_of_record
TN:
SF:D:\App\RNBabySleep\app\navigation\tabNavigation\tabNavigator.js
FN:10,_interopRequireDefault
FN:19,tabBarLabel
FN:28,tabBarLabel
FN:39,tabBarLabel
FN:48,tabBarLabel
FNF:5
FNH:0
FNDA:0,_interopRequireDefault
FNDA:0,tabBarLabel
FNDA:0,tabBarLabel
FNDA:0,tabBarLabel
FNDA:0,tabBarLabel
DA:1,0
DA:2,0
DA:3,0
DA:4,0
DA:5,0
DA:7,0
DA:8,0
DA:9,0
DA:10,0
DA:13,0
DA:20,0
DA:29,0
DA:40,0
DA:49,0
DA:63,0
LF:15
LH:0
BRDA:10,0,0,0
BRDA:10,0,1,0
BRDA:10,1,0,0
BRDA:10,1,1,0
BRF:4
BRH:0
end_of_record
TN:
SF:D:\App\RNBabySleep\app\redux\actions\action.js
FNF:0
FNH:0
LF:0
LH:0
BRF:0
BRH:0
end_of_record
TN:
SF:D:\App\RNBabySleep\app\redux\reducers\reducer.js
FN:4,reducer
FNF:1
FNH:0
FNDA:0,reducer
DA:1,0
DA:4,0
DA:5,0
DA:8,0
LF:4
LH:0
BRDA:4,0,0,0
BRDA:4,0,1,0
BRDA:4,1,0,0
BRDA:4,1,1,0
BRDA:4,2,0,0
BRDA:4,2,1,0
BRF:6
BRH:0
end_of_record
TN:
SF:D:\App\RNBabySleep\app\screens\detailsScreen\index.js
FN:14,_interopRequireDefault
FN:14,_getRequireWildcardCache
FN:14,_getRequireWildcardCache
FN:14,_interopRequireWildcard
FN:14,_slicedToArray
FN:14,_nonIterableRest
FN:14,_iterableToArrayLimit
FN:14,_arrayWithHoles
FN:18,DetailsScreen
FN:41,onValueChange
FN:42,onSlidingComplete
FN:62,(anonymous_11)
FNF:12
FNH:0
FNDA:0,_interopRequireDefault
FNDA:0,_getRequireWildcardCache
FNDA:0,_getRequireWildcardCache
FNDA:0,_interopRequireWildcard
FNDA:0,_slicedToArray
FNDA:0,_nonIterableRest
FNDA:0,_iterableToArrayLimit
FNDA:0,_arrayWithHoles
FNDA:0,DetailsScreen
FNDA:0,onValueChange
FNDA:0,onSlidingComplete
FNDA:0,(anonymous_11)
DA:1,0
DA:2,0
DA:11,0
DA:12,0
DA:13,0
DA:14,0
DA:16,0
DA:18,0
DA:19,0
DA:20,0
DA:21,0
DA:41,0
DA:42,0
DA:63,0
DA:74,0
LF:15
LH:0
BRDA:14,0,0,0
BRDA:14,0,1,0
BRDA:14,1,0,0
BRDA:14,1,1,0
BRDA:14,2,0,0
BRDA:14,2,1,0
BRDA:14,3,0,0
BRDA:14,3,1,0
BRDA:14,4,0,0
BRDA:14,4,1,0
BRDA:14,5,0,0
BRDA:14,5,1,0
BRDA:14,6,0,0
BRDA:14,6,1,0
BRDA:14,6,2,0
BRDA:14,7,0,0
BRDA:14,7,1,0
BRDA:14,8,0,0
BRDA:14,8,1,0
BRDA:14,9,0,0
BRDA:14,9,1,0
BRDA:14,10,0,0
BRDA:14,10,1,0
BRDA:14,11,0,0
BRDA:14,11,1,0
BRDA:14,12,0,0
BRDA:14,12,1,0
BRDA:14,13,0,0
BRDA:14,13,1,0
BRDA:14,13,2,0
BRDA:14,14,0,0
BRDA:14,14,1,0
BRDA:14,15,0,0
BRDA:14,15,1,0
BRDA:14,15,2,0
BRDA:14,16,0,0
BRDA:14,16,1,0
BRDA:14,17,0,0
BRDA:14,17,1,0
BRDA:14,18,0,0
BRDA:14,18,1,0
BRDA:14,19,0,0
BRDA:14,19,1,0
BRDA:14,20,0,0
BRDA:14,20,1,0
BRDA:14,21,0,0
BRDA:14,21,1,0
BRDA:14,22,0,0
BRDA:14,22,1,0
BRDA:14,23,0,0
BRDA:14,23,1,0
BRDA:14,24,0,0
BRDA:14,24,1,0
BRDA:14,25,0,0
BRDA:14,25,1,0
BRDA:50,26,0,0
BRDA:50,26,1,0
BRF:57
BRH:0
end_of_record
TN:
SF:D:\App\RNBabySleep\app\screens\detailsScreen\style.js
FNF:0
FNH:0
DA:1,0
DA:2,0
DA:4,0
DA:63,0
LF:4
LH:0
BRF:0
BRH:0
end_of_record
TN:
SF:D:\App\RNBabySleep\app\screens\detailsScreen\__test__\detailsScreen.test.js
FN:4,_interopRequireDefault
FN:6,(anonymous_1)
FN:7,(anonymous_2)
FNF:3
FNH:0
FNDA:0,_interopRequireDefault
FNDA:0,(anonymous_1)
FNDA:0,(anonymous_2)
DA:1,0
DA:2,0
DA:3,0
DA:4,0
DA:6,0
DA:7,0
DA:8,0
DA:9,0
DA:10,0
LF:9
LH:0
BRDA:4,0,0,0
BRDA:4,0,1,0
BRDA:4,1,0,0
BRDA:4,1,1,0
BRF:4
BRH:0
end_of_record
TN:
SF:D:\App\RNBabySleep\app\screens\login\index.js
FN:13,_interopRequireDefault
FN:13,_getRequireWildcardCache
FN:13,_getRequireWildcardCache
FN:13,_interopRequireWildcard
FN:13,_slicedToArray
FN:13,_nonIterableRest
FN:13,_iterableToArrayLimit
FN:13,_arrayWithHoles
FN:15,LoginScreen
FN:19,onLoginClick
FN:19,onLoginClick$
FN:54,onChange
FN:64,onChange
FN:68,onPress
FN:80,onPress
FN:92,(anonymous_15)
FNF:16
FNH:0
FNDA:0,_interopRequireDefault
FNDA:0,_getRequireWildcardCache
FNDA:0,_getRequireWildcardCache
FNDA:0,_interopRequireWildcard
FNDA:0,_slicedToArray
FNDA:0,_nonIterableRest
FNDA:0,_iterableToArrayLimit
FNDA:0,_arrayWithHoles
FNDA:0,LoginScreen
FNDA:0,onLoginClick
FNDA:0,onLoginClick$
FNDA:0,onChange
FNDA:0,onChange
FNDA:0,onPress
FNDA:0,onPress
FNDA:0,(anonymous_15)
DA:1,0
DA:2,0
DA:10,0
DA:11,0
DA:12,0
DA:13,0
DA:15,0
DA:16,0
DA:17,0
DA:19,0
DA:20,0
DA:21,0
DA:22,0
DA:25,0
DA:26,0
DA:28,0
DA:30,0
DA:31,0
DA:36,0
DA:54,0
DA:64,0
DA:68,0
DA:80,0
DA:92,0
DA:96,0
LF:25
LH:0
BRDA:13,0,0,0
BRDA:13,0,1,0
BRDA:13,1,0,0
BRDA:13,1,1,0
BRDA:13,2,0,0
BRDA:13,2,1,0
BRDA:13,3,0,0
BRDA:13,3,1,0
BRDA:13,4,0,0
BRDA:13,4,1,0
BRDA:13,5,0,0
BRDA:13,5,1,0
BRDA:13,6,0,0
BRDA:13,6,1,0
BRDA:13,6,2,0
BRDA:13,7,0,0
BRDA:13,7,1,0
BRDA:13,8,0,0
BRDA:13,8,1,0
BRDA:13,9,0,0
BRDA:13,9,1,0
BRDA:13,10,0,0
BRDA:13,10,1,0
BRDA:13,11,0,0
BRDA:13,11,1,0
BRDA:13,12,0,0
BRDA:13,12,1,0
BRDA:13,13,0,0
BRDA:13,13,1,0
BRDA:13,13,2,0
BRDA:13,14,0,0
BRDA:13,14,1,0
BRDA:13,15,0,0
BRDA:13,15,1,0
BRDA:13,15,2,0
BRDA:13,16,0,0
BRDA:13,16,1,0
BRDA:13,17,0,0
BRDA:13,17,1,0
BRDA:13,18,0,0
BRDA:13,18,1,0
BRDA:13,19,0,0
BRDA:13,19,1,0
BRDA:13,20,0,0
BRDA:13,20,1,0
BRDA:13,21,0,0
BRDA:13,21,1,0
BRDA:13,22,0,0
BRDA:13,22,1,0
BRDA:13,23,0,0
BRDA:13,23,1,0
BRDA:13,24,0,0
BRDA:13,24,1,0
BRDA:13,25,0,0
BRDA:13,25,1,0
BRDA:19,26,0,0
BRDA:19,26,1,0
BRDA:19,26,2,0
BRDA:19,26,3,0
BRDA:19,26,4,0
BRDA:19,26,5,0
BRDA:19,26,6,0
BRDA:19,26,7,0
BRDA:19,27,0,0
BRDA:19,27,1,0
BRDA:20,28,0,0
BRDA:20,28,1,0
BRDA:25,29,0,0
BRDA:25,29,1,0
BRDA:26,30,0,0
BRDA:26,30,1,0
BRDA:71,31,0,0
BRDA:71,31,1,0
BRDA:71,32,0,0
BRDA:71,32,1,0
BRF:75
BRH:0
end_of_record
TN:
SF:D:\App\RNBabySleep\app\screens\login\styles.js
FNF:0
FNH:0
DA:1,0
DA:2,0
DA:4,0
DA:93,0
LF:4
LH:0
BRF:0
BRH:0
end_of_record
TN:
SF:D:\App\RNBabySleep\app\screens\login\__test__\login.test.js
FN:4,_interopRequireDefault
FN:6,(anonymous_1)
FN:7,(anonymous_2)
FNF:3
FNH:0
FNDA:0,_interopRequireDefault
FNDA:0,(anonymous_1)
FNDA:0,(anonymous_2)
DA:1,0
DA:2,0
DA:3,0
DA:4,0
DA:6,0
DA:7,0
DA:8,0
DA:9,0
DA:10,0
LF:9
LH:0
BRDA:4,0,0,0
BRDA:4,0,1,0
BRDA:4,1,0,0
BRDA:4,1,1,0
BRF:4
BRH:0
end_of_record
TN:
SF:D:\App\RNBabySleep\app\screens\newSoundScreen\index.js
FN:13,_interopRequireDefault
FN:13,_getRequireWildcardCache
FN:13,_getRequireWildcardCache
FN:13,_interopRequireWildcard
FN:13,_slicedToArray
FN:13,_nonIterableRest
FN:13,_iterableToArrayLimit
FN:13,_arrayWithHoles
FN:15,NewSoundScreen
FN:27,onChangeText
FNF:10
FNH:0
FNDA:0,_interopRequireDefault
FNDA:0,_getRequireWildcardCache
FNDA:0,_getRequireWildcardCache
FNDA:0,_interopRequireWildcard
FNDA:0,_slicedToArray
FNDA:0,_nonIterableRest
FNDA:0,_iterableToArrayLimit
FNDA:0,_arrayWithHoles
FNDA:0,NewSoundScreen
FNDA:0,onChangeText
DA:1,0
DA:2,0
DA:3,0
DA:10,0
DA:11,0
DA:12,0
DA:13,0
DA:15,0
DA:16,0
DA:18,0
DA:27,0
DA:53,0
LF:12
LH:0
BRDA:13,0,0,0
BRDA:13,0,1,0
BRDA:13,1,0,0
BRDA:13,1,1,0
BRDA:13,2,0,0
BRDA:13,2,1,0
BRDA:13,3,0,0
BRDA:13,3,1,0
BRDA:13,4,0,0
BRDA:13,4,1,0
BRDA:13,5,0,0
BRDA:13,5,1,0
BRDA:13,6,0,0
BRDA:13,6,1,0
BRDA:13,6,2,0
BRDA:13,7,0,0
BRDA:13,7,1,0
BRDA:13,8,0,0
BRDA:13,8,1,0
BRDA:13,9,0,0
BRDA:13,9,1,0
BRDA:13,10,0,0
BRDA:13,10,1,0
BRDA:13,11,0,0
BRDA:13,11,1,0
BRDA:13,12,0,0
BRDA:13,12,1,0
BRDA:13,13,0,0
BRDA:13,13,1,0
BRDA:13,13,2,0
BRDA:13,14,0,0
BRDA:13,14,1,0
BRDA:13,15,0,0
BRDA:13,15,1,0
BRDA:13,15,2,0
BRDA:13,16,0,0
BRDA:13,16,1,0
BRDA:13,17,0,0
BRDA:13,17,1,0
BRDA:13,18,0,0
BRDA:13,18,1,0
BRDA:13,19,0,0
BRDA:13,19,1,0
BRDA:13,20,0,0
BRDA:13,20,1,0
BRDA:13,21,0,0
BRDA:13,21,1,0
BRDA:13,22,0,0
BRDA:13,22,1,0
BRDA:13,23,0,0
BRDA:13,23,1,0
BRDA:13,24,0,0
BRDA:13,24,1,0
BRDA:13,25,0,0
BRDA:13,25,1,0
BRF:55
BRH:0
end_of_record
TN:
SF:D:\App\RNBabySleep\app\screens\newSoundScreen\style.js
FNF:0
FNH:0
DA:1,0
DA:2,0
DA:4,0
DA:47,0
LF:4
LH:0
BRF:0
BRH:0
end_of_record
TN:
SF:D:\App\RNBabySleep\app\screens\newSoundScreen\__test__\newSoundScreen.test.js
FN:4,_interopRequireDefault
FN:6,(anonymous_1)
FN:7,(anonymous_2)
FNF:3
FNH:0
FNDA:0,_interopRequireDefault
FNDA:0,(anonymous_1)
FNDA:0,(anonymous_2)
DA:1,0
DA:2,0
DA:3,0
DA:4,0
DA:6,0
DA:7,0
DA:8,0
DA:9,0
DA:10,0
LF:9
LH:0
BRDA:4,0,0,0
BRDA:4,0,1,0
BRDA:4,1,0,0
BRDA:4,1,1,0
BRF:4
BRH:0
end_of_record
TN:
SF:D:\App\RNBabySleep\app\screens\registration\index.js
FN:11,_interopRequireDefault
FN:11,_getRequireWildcardCache
FN:11,_getRequireWildcardCache
FN:11,_interopRequireWildcard
FN:11,_slicedToArray
FN:11,_nonIterableRest
FN:11,_iterableToArrayLimit
FN:11,_arrayWithHoles
FN:13,RegisrationScreen
FN:18,onRegistrationClick
FN:18,onRegistrationClick$
FN:40,onChange
FN:49,onChange
FN:58,onChange
FN:64,onPress
FN:71,onPress
FN:91,(anonymous_16)
FNF:17
FNH:0
FNDA:0,_interopRequireDefault
FNDA:0,_getRequireWildcardCache
FNDA:0,_getRequireWildcardCache
FNDA:0,_interopRequireWildcard
FNDA:0,_slicedToArray
FNDA:0,_nonIterableRest
FNDA:0,_iterableToArrayLimit
FNDA:0,_arrayWithHoles
FNDA:0,RegisrationScreen
FNDA:0,onRegistrationClick
FNDA:0,onRegistrationClick$
FNDA:0,onChange
FNDA:0,onChange
FNDA:0,onChange
FNDA:0,onPress
FNDA:0,onPress
FNDA:0,(anonymous_16)
DA:1,0
DA:2,0
DA:9,0
DA:10,0
DA:11,0
DA:13,0
DA:14,0
DA:15,0
DA:16,0
DA:18,0
DA:19,0
DA:20,0
DA:21,0
DA:22,0
DA:24,0
DA:26,0
DA:29,0
DA:40,0
DA:49,0
DA:58,0
DA:64,0
DA:71,0
DA:91,0
DA:95,0
LF:24
LH:0
BRDA:11,0,0,0
BRDA:11,0,1,0
BRDA:11,1,0,0
BRDA:11,1,1,0
BRDA:11,2,0,0
BRDA:11,2,1,0
BRDA:11,3,0,0
BRDA:11,3,1,0
BRDA:11,4,0,0
BRDA:11,4,1,0
BRDA:11,5,0,0
BRDA:11,5,1,0
BRDA:11,6,0,0
BRDA:11,6,1,0
BRDA:11,6,2,0
BRDA:11,7,0,0
BRDA:11,7,1,0
BRDA:11,8,0,0
BRDA:11,8,1,0
BRDA:11,9,0,0
BRDA:11,9,1,0
BRDA:11,10,0,0
BRDA:11,10,1,0
BRDA:11,11,0,0
BRDA:11,11,1,0
BRDA:11,12,0,0
BRDA:11,12,1,0
BRDA:11,13,0,0
BRDA:11,13,1,0
BRDA:11,13,2,0
BRDA:11,14,0,0
BRDA:11,14,1,0
BRDA:11,15,0,0
BRDA:11,15,1,0
BRDA:11,15,2,0
BRDA:11,16,0,0
BRDA:11,16,1,0
BRDA:11,17,0,0
BRDA:11,17,1,0
BRDA:11,18,0,0
BRDA:11,18,1,0
BRDA:11,19,0,0
BRDA:11,19,1,0
BRDA:11,20,0,0
BRDA:11,20,1,0
BRDA:11,21,0,0
BRDA:11,21,1,0
BRDA:11,22,0,0
BRDA:11,22,1,0
BRDA:11,23,0,0
BRDA:11,23,1,0
BRDA:11,24,0,0
BRDA:11,24,1,0
BRDA:11,25,0,0
BRDA:11,25,1,0
BRDA:18,26,0,0
BRDA:18,26,1,0
BRDA:18,26,2,0
BRDA:18,26,3,0
BRDA:18,26,4,0
BRDA:18,26,5,0
BRDA:18,26,6,0
BRDA:18,27,0,0
BRDA:18,27,1,0
BRDA:19,28,0,0
BRDA:19,28,1,0
BRDA:19,28,2,0
BRDA:20,29,0,0
BRDA:20,29,1,0
BRF:69
BRH:0
end_of_record
TN:
SF:D:\App\RNBabySleep\app\screens\registration\style.js
FNF:0
FNH:0
DA:1,0
DA:2,0
DA:4,0
DA:95,0
LF:4
LH:0
BRF:0
BRH:0
end_of_record
TN:
SF:D:\App\RNBabySleep\app\screens\registration\__test__\registration.test.js
FN:4,_interopRequireDefault
FN:6,(anonymous_1)
FN:7,(anonymous_2)
FNF:3
FNH:0
FNDA:0,_interopRequireDefault
FNDA:0,(anonymous_1)
FNDA:0,(anonymous_2)
DA:1,0
DA:2,0
DA:3,0
DA:4,0
DA:6,0
DA:7,0
DA:8,0
DA:9,0
DA:10,0
LF:9
LH:0
BRDA:4,0,0,0
BRDA:4,0,1,0
BRDA:4,1,0,0
BRDA:4,1,1,0
BRF:4
BRH:0
end_of_record
TN:
SF:D:\App\RNBabySleep\app\screens\splashScreen\index.js
FN:3,_interopRequireDefault
FN:3,_getRequireWildcardCache
FN:3,_getRequireWildcardCache
FN:3,_interopRequireWildcard
FN:5,SplashScreen
FN:6,(anonymous_5)
FN:7,_callee
FN:7,_callee$
FN:17,(anonymous_8)
FN:34,(anonymous_9)
FNF:10
FNH:0
FNDA:0,_interopRequireDefault
FNDA:0,_getRequireWildcardCache
FNDA:0,_getRequireWildcardCache
FNDA:0,_interopRequireWildcard
FNDA:0,SplashScreen
FNDA:0,(anonymous_5)
FNDA:0,_callee
FNDA:0,_callee$
FNDA:0,(anonymous_8)
FNDA:0,(anonymous_9)
DA:1,0
DA:2,0
DA:3,0
DA:5,0
DA:6,0
DA:7,0
DA:9,0
DA:10,0
DA:12,0
DA:14,0
DA:17,0
DA:19,0
DA:34,0
DA:38,0
LF:14
LH:0
BRDA:3,0,0,0
BRDA:3,0,1,0
BRDA:3,1,0,0
BRDA:3,1,1,0
BRDA:3,2,0,0
BRDA:3,2,1,0
BRDA:3,3,0,0
BRDA:3,3,1,0
BRDA:3,4,0,0
BRDA:3,4,1,0
BRDA:3,5,0,0
BRDA:3,5,1,0
BRDA:3,6,0,0
BRDA:3,6,1,0
BRDA:3,6,2,0
BRDA:3,7,0,0
BRDA:3,7,1,0
BRDA:3,8,0,0
BRDA:3,8,1,0
BRDA:3,9,0,0
BRDA:3,9,1,0
BRDA:3,10,0,0
BRDA:3,10,1,0
BRDA:3,11,0,0
BRDA:3,11,1,0
BRDA:3,12,0,0
BRDA:3,12,1,0
BRDA:3,13,0,0
BRDA:3,13,1,0
BRDA:3,13,2,0
BRDA:3,14,0,0
BRDA:3,14,1,0
BRDA:7,15,0,0
BRDA:7,15,1,0
BRDA:7,15,2,0
BRDA:7,15,3,0
BRDA:7,15,4,0
BRDA:7,15,5,0
BRDA:7,15,6,0
BRDA:9,16,0,0
BRDA:9,16,1,0
BRDA:10,17,0,0
BRDA:10,17,1,0
BRF:43
BRH:0
end_of_record
TN:
SF:D:\App\RNBabySleep\app\screens\splashScreen\style.js
FNF:0
FNH:0
DA:1,0
DA:3,0
DA:15,0
LF:3
LH:0
BRF:0
BRH:0
end_of_record
TN:
SF:D:\App\RNBabySleep\app\screens\splashScreen\__test__\splashScreen.test.js
FN:4,_interopRequireDefault
FN:6,(anonymous_1)
FN:7,(anonymous_2)
FNF:3
FNH:0
FNDA:0,_interopRequireDefault
FNDA:0,(anonymous_1)
FNDA:0,(anonymous_2)
DA:1,0
DA:2,0
DA:3,0
DA:4,0
DA:6,0
DA:7,0
DA:8,0
DA:9,0
DA:10,0
LF:9
LH:0
BRDA:4,0,0,0
BRDA:4,0,1,0
BRDA:4,1,0,0
BRDA:4,1,1,0
BRF:4
BRH:0
end_of_record
TN:
SF:D:\App\RNBabySleep\app\screens\tabInformation\index.js
FN:18,_interopRequireDefault
FN:18,_getRequireWildcardCache
FN:18,_getRequireWildcardCache
FN:18,_interopRequireWildcard
FN:46,sendMail
FN:54,TabInformation
FN:68,(anonymous_6)
FN:87,(anonymous_7)
FN:103,onPress
FNF:9
FNH:0
FNDA:0,_interopRequireDefault
FNDA:0,_getRequireWildcardCache
FNDA:0,_getRequireWildcardCache
FNDA:0,_interopRequireWildcard
FNDA:0,sendMail
FNDA:0,TabInformation
FNDA:0,(anonymous_6)
FNDA:0,(anonymous_7)
FNDA:0,onPress
DA:1,0
DA:2,0
DA:13,0
DA:14,0
DA:15,0
DA:16,0
DA:17,0
DA:18,0
DA:22,0
DA:37,0
DA:46,0
DA:47,0
DA:48,0
DA:54,0
DA:55,0
DA:68,0
DA:69,0
DA:87,0
DA:88,0
DA:103,0
DA:114,0
LF:21
LH:0
BRDA:18,0,0,0
BRDA:18,0,1,0
BRDA:18,1,0,0
BRDA:18,1,1,0
BRDA:18,2,0,0
BRDA:18,2,1,0
BRDA:18,3,0,0
BRDA:18,3,1,0
BRDA:18,4,0,0
BRDA:18,4,1,0
BRDA:18,5,0,0
BRDA:18,5,1,0
BRDA:18,6,0,0
BRDA:18,6,1,0
BRDA:18,6,2,0
BRDA:18,7,0,0
BRDA:18,7,1,0
BRDA:18,8,0,0
BRDA:18,8,1,0
BRDA:18,9,0,0
BRDA:18,9,1,0
BRDA:18,10,0,0
BRDA:18,10,1,0
BRDA:18,11,0,0
BRDA:18,11,1,0
BRDA:18,12,0,0
BRDA:18,12,1,0
BRDA:18,13,0,0
BRDA:18,13,1,0
BRDA:18,13,2,0
BRDA:18,14,0,0
BRDA:18,14,1,0
BRF:32
BRH:0
end_of_record
TN:
SF:D:\App\RNBabySleep\app\screens\tabInformation\style.js
FNF:0
FNH:0
DA:1,0
DA:2,0
DA:4,0
DA:51,0
LF:4
LH:0
BRF:0
BRH:0
end_of_record
TN:
SF:D:\App\RNBabySleep\app\screens\tabInformation\__test__\tabInformation.test.js
FN:4,_interopRequireDefault
FN:6,(anonymous_1)
FN:7,(anonymous_2)
FNF:3
FNH:0
FNDA:0,_interopRequireDefault
FNDA:0,(anonymous_1)
FNDA:0,(anonymous_2)
DA:1,0
DA:2,0
DA:3,0
DA:4,0
DA:6,0
DA:7,0
DA:8,0
DA:9,0
DA:10,0
LF:9
LH:0
BRDA:4,0,0,0
BRDA:4,0,1,0
BRDA:4,1,0,0
BRDA:4,1,1,0
BRF:4
BRH:0
end_of_record
TN:
SF:D:\App\RNBabySleep\app\screens\tabMusicList\index.js
FN:5,_interopRequireDefault
FN:5,_getRequireWildcardCache
FN:5,_getRequireWildcardCache
FN:5,_interopRequireWildcard
FN:68,MusicListTab
FN:73,(anonymous_5)
FN:77,onPress
FN:83,(anonymous_7)
FN:87,onPress
FN:95,(anonymous_9)
FN:99,onPress
FNF:11
FNH:0
FNDA:0,_interopRequireDefault
FNDA:0,_getRequireWildcardCache
FNDA:0,_getRequireWildcardCache
FNDA:0,_interopRequireWildcard
FNDA:0,MusicListTab
FNDA:0,(anonymous_5)
FNDA:0,onPress
FNDA:0,(anonymous_7)
FNDA:0,onPress
FNDA:0,(anonymous_9)
FNDA:0,onPress
DA:1,0
DA:2,0
DA:3,0
DA:4,0
DA:5,0
DA:7,0
DA:30,0
DA:49,0
DA:68,0
DA:69,0
DA:73,0
DA:74,0
DA:77,0
DA:83,0
DA:84,0
DA:87,0
DA:95,0
DA:96,0
DA:99,0
DA:112,0
LF:20
LH:0
BRDA:5,0,0,0
BRDA:5,0,1,0
BRDA:5,1,0,0
BRDA:5,1,1,0
BRDA:5,2,0,0
BRDA:5,2,1,0
BRDA:5,3,0,0
BRDA:5,3,1,0
BRDA:5,4,0,0
BRDA:5,4,1,0
BRDA:5,5,0,0
BRDA:5,5,1,0
BRDA:5,6,0,0
BRDA:5,6,1,0
BRDA:5,6,2,0
BRDA:5,7,0,0
BRDA:5,7,1,0
BRDA:5,8,0,0
BRDA:5,8,1,0
BRDA:5,9,0,0
BRDA:5,9,1,0
BRDA:5,10,0,0
BRDA:5,10,1,0
BRDA:5,11,0,0
BRDA:5,11,1,0
BRDA:5,12,0,0
BRDA:5,12,1,0
BRDA:5,13,0,0
BRDA:5,13,1,0
BRDA:5,13,2,0
BRDA:5,14,0,0
BRDA:5,14,1,0
BRF:32
BRH:0
end_of_record
TN:
SF:D:\App\RNBabySleep\app\screens\tabMusicList\styles.js
FNF:0
FNH:0
DA:1,0
DA:2,0
DA:4,0
DA:31,0
LF:4
LH:0
BRF:0
BRH:0
end_of_record
TN:
SF:D:\App\RNBabySleep\app\screens\tabMusicList\__test__\tabMusicList.test.js
FN:4,_interopRequireDefault
FN:6,(anonymous_1)
FN:7,(anonymous_2)
FNF:3
FNH:0
FNDA:0,_interopRequireDefault
FNDA:0,(anonymous_1)
FNDA:0,(anonymous_2)
DA:1,0
DA:2,0
DA:3,0
DA:4,0
DA:6,0
DA:7,0
DA:8,0
DA:9,0
DA:10,0
LF:9
LH:0
BRDA:4,0,0,0
BRDA:4,0,1,0
BRDA:4,1,0,0
BRDA:4,1,1,0
BRF:4
BRH:0
end_of_record
TN:
SF:D:\App\RNBabySleep\app\screens\tabSettings\index.js
FN:12,_interopRequireDefault
FN:12,_getRequireWildcardCache
FN:12,_getRequireWildcardCache
FN:12,_interopRequireWildcard
FN:12,_slicedToArray
FN:12,_nonIterableRest
FN:12,_iterableToArrayLimit
FN:12,_arrayWithHoles
FN:14,Item
FN:32,TabSettings
FN:40,onClick
FN:46,onClick
FN:54,(anonymous_12)
FN:76,(anonymous_13)
FN:98,(anonymous_14)
FNF:15
FNH:0
FNDA:0,_interopRequireDefault
FNDA:0,_getRequireWildcardCache
FNDA:0,_getRequireWildcardCache
FNDA:0,_interopRequireWildcard
FNDA:0,_slicedToArray
FNDA:0,_nonIterableRest
FNDA:0,_iterableToArrayLimit
FNDA:0,_arrayWithHoles
FNDA:0,Item
FNDA:0,TabSettings
FNDA:0,onClick
FNDA:0,onClick
FNDA:0,(anonymous_12)
FNDA:0,(anonymous_13)
FNDA:0,(anonymous_14)
DA:1,0
DA:2,0
DA:3,0
DA:4,0
DA:11,0
DA:12,0
DA:14,0
DA:32,0
DA:33,0
DA:35,0
DA:40,0
DA:46,0
DA:54,0
DA:55,0
DA:76,0
DA:77,0
DA:98,0
DA:99,0
DA:130,0
LF:19
LH:0
BRDA:12,0,0,0
BRDA:12,0,1,0
BRDA:12,1,0,0
BRDA:12,1,1,0
BRDA:12,2,0,0
BRDA:12,2,1,0
BRDA:12,3,0,0
BRDA:12,3,1,0
BRDA:12,4,0,0
BRDA:12,4,1,0
BRDA:12,5,0,0
BRDA:12,5,1,0
BRDA:12,6,0,0
BRDA:12,6,1,0
BRDA:12,6,2,0
BRDA:12,7,0,0
BRDA:12,7,1,0
BRDA:12,8,0,0
BRDA:12,8,1,0
BRDA:12,9,0,0
BRDA:12,9,1,0
BRDA:12,10,0,0
BRDA:12,10,1,0
BRDA:12,11,0,0
BRDA:12,11,1,0
BRDA:12,12,0,0
BRDA:12,12,1,0
BRDA:12,13,0,0
BRDA:12,13,1,0
BRDA:12,13,2,0
BRDA:12,14,0,0
BRDA:12,14,1,0
BRDA:12,15,0,0
BRDA:12,15,1,0
BRDA:12,15,2,0
BRDA:12,16,0,0
BRDA:12,16,1,0
BRDA:12,17,0,0
BRDA:12,17,1,0
BRDA:12,18,0,0
BRDA:12,18,1,0
BRDA:12,19,0,0
BRDA:12,19,1,0
BRDA:12,20,0,0
BRDA:12,20,1,0
BRDA:12,21,0,0
BRDA:12,21,1,0
BRDA:12,22,0,0
BRDA:12,22,1,0
BRDA:12,23,0,0
BRDA:12,23,1,0
BRDA:12,24,0,0
BRDA:12,24,1,0
BRDA:12,25,0,0
BRDA:12,25,1,0
BRF:55
BRH:0
end_of_record
TN:
SF:D:\App\RNBabySleep\app\screens\tabSettings\style.js
FNF:0
FNH:0
DA:1,0
DA:2,0
DA:4,0
DA:50,0
LF:4
LH:0
BRF:0
BRH:0
end_of_record
TN:
SF:D:\App\RNBabySleep\app\screens\tabSettings\__test__\tabSettings.test.js
FN:4,_interopRequireDefault
FN:6,(anonymous_1)
FN:7,(anonymous_2)
FNF:3
FNH:0
FNDA:0,_interopRequireDefault
FNDA:0,(anonymous_1)
FNDA:0,(anonymous_2)
DA:1,0
DA:2,0
DA:3,0
DA:4,0
DA:6,0
DA:7,0
DA:8,0
DA:9,0
DA:10,0
LF:9
LH:0
BRDA:4,0,0,0
BRDA:4,0,1,0
BRDA:4,1,0,0
BRDA:4,1,1,0
BRF:4
BRH:0
end_of_record
TN:
SF:D:\App\RNBabySleep\app\screens\tabSleepTracker\index.js
FN:4,_interopRequireDefault
FN:4,_getRequireWildcardCache
FN:4,_getRequireWildcardCache
FN:4,_interopRequireWildcard
FN:4,_slicedToArray
FN:4,_nonIterableRest
FN:4,_iterableToArrayLimit
FN:4,_arrayWithHoles
FN:6,TabSleepTracker
FN:27,onValueChange
FNF:10
FNH:0
FNDA:0,_interopRequireDefault
FNDA:0,_getRequireWildcardCache
FNDA:0,_getRequireWildcardCache
FNDA:0,_interopRequireWildcard
FNDA:0,_slicedToArray
FNDA:0,_nonIterableRest
FNDA:0,_iterableToArrayLimit
FNDA:0,_arrayWithHoles
FNDA:0,TabSleepTracker
FNDA:0,onValueChange
DA:1,0
DA:2,0
DA:3,0
DA:4,0
DA:6,0
DA:7,0
DA:8,0
DA:28,0
DA:46,0
LF:9
LH:0
BRDA:4,0,0,0
BRDA:4,0,1,0
BRDA:4,1,0,0
BRDA:4,1,1,0
BRDA:4,2,0,0
BRDA:4,2,1,0
BRDA:4,3,0,0
BRDA:4,3,1,0
BRDA:4,4,0,0
BRDA:4,4,1,0
BRDA:4,5,0,0
BRDA:4,5,1,0
BRDA:4,6,0,0
BRDA:4,6,1,0
BRDA:4,6,2,0
BRDA:4,7,0,0
BRDA:4,7,1,0
BRDA:4,8,0,0
BRDA:4,8,1,0
BRDA:4,9,0,0
BRDA:4,9,1,0
BRDA:4,10,0,0
BRDA:4,10,1,0
BRDA:4,11,0,0
BRDA:4,11,1,0
BRDA:4,12,0,0
BRDA:4,12,1,0
BRDA:4,13,0,0
BRDA:4,13,1,0
BRDA:4,13,2,0
BRDA:4,14,0,0
BRDA:4,14,1,0
BRDA:4,15,0,0
BRDA:4,15,1,0
BRDA:4,15,2,0
BRDA:4,16,0,0
BRDA:4,16,1,0
BRDA:4,17,0,0
BRDA:4,17,1,0
BRDA:4,18,0,0
BRDA:4,18,1,0
BRDA:4,19,0,0
BRDA:4,19,1,0
BRDA:4,20,0,0
BRDA:4,20,1,0
BRDA:4,21,0,0
BRDA:4,21,1,0
BRDA:4,22,0,0
BRDA:4,22,1,0
BRDA:4,23,0,0
BRDA:4,23,1,0
BRDA:4,24,0,0
BRDA:4,24,1,0
BRDA:4,25,0,0
BRDA:4,25,1,0
BRDA:13,26,0,0
BRDA:13,26,1,0
BRDA:16,27,0,0
BRDA:16,27,1,0
BRF:59
BRH:0
end_of_record
TN:
SF:D:\App\RNBabySleep\app\screens\tabSleepTracker\style.js
FNF:0
FNH:0
DA:1,0
DA:2,0
DA:4,0
DA:50,0
LF:4
LH:0
BRF:0
BRH:0
end_of_record
TN:
SF:D:\App\RNBabySleep\app\screens\tabSleepTracker\__test__\tabSleepTracker.test.js
FN:4,_interopRequireDefault
FN:6,(anonymous_1)
FN:7,(anonymous_2)
FNF:3
FNH:0
FNDA:0,_interopRequireDefault
FNDA:0,(anonymous_1)
FNDA:0,(anonymous_2)
DA:1,0
DA:2,0
DA:3,0
DA:4,0
DA:6,0
DA:7,0
DA:8,0
DA:9,0
DA:10,0
LF:9
LH:0
BRDA:4,0,0,0
BRDA:4,0,1,0
BRDA:4,1,0,0
BRDA:4,1,1,0
BRF:4
BRH:0
end_of_record
